sending incremental file list
deleting database/gestionale_db_20250729_144958_standard.backup
deleting database/gestionale_db_20250729_140202.backup
deleting database/gestionale_db_20250729_140117.backup
deleting database/
deleting versione_postgresql.txt
deleting versione_npm.txt
deleting versione_node.txt
deleting versione_nginx.txt
deleting versione_certbot.txt
deleting ufw_status.txt
deleting servizi_attivi_ubuntu.txt
deleting lista_pacchetti_ubuntu.txt
deleting guida_installazione_server.md
deleting checklist_server_ubuntu.md
deleting backup_config_server.log.1.gz
./
backup_config_server.log
backup_database_adaptive.sh
backup_weekly_report.sh
test_restore_backup_dynamic.sh
config/
config/crontab_backup.txt
config/lista_pacchetti_ubuntu.txt
config/servizi_attivi_ubuntu.txt
config/ufw_status.txt
config/versione_certbot.txt
config/versione_nginx.txt
config/versione_node.txt
config/versione_npm.txt
config/versione_postgresql.txt
logs/
logs/backup_config_server.log
logs/backup_database.log
logs/backup_database_adaptive.log
logs/test_restore_backup.log
logs/test_restore_backup_dynamic.log

sent 73,838 bytes  received 845 bytes  49,788.67 bytes/sec
total size is 75,582  speedup is 1.01
[Wed Jul 30 02:00:02 AM CEST 2025] Backup completato con successo.
