sending incremental file list
cannot delete non-empty directory: #recycle
./
backup_config_server.log
backup_config_server.sh
checklist_server_ubuntu.md
gestionale-backend.service
gestionale-frontend.service
guida_installazione_server.md
lista_pacchetti_ubuntu.txt
nginx_gestionale.conf
servizi_attivi_ubuntu.txt
ufw_status.txt
versione_certbot.txt
versione_nginx.txt
versione_node.txt
versione_npm.txt
versione_postgresql.txt

sent 45,789 bytes  received 352 bytes  30,760.67 bytes/sec
total size is 44,540  speedup is 0.97
[Fri Jul 25 10:06:03 AM UTC 2025] Backup completato con successo.
sending incremental file list
deleting test_permessi.txt
./
backup_config_server.log
backup_config_server.sh
checklist_server_ubuntu.md
gestionale-backend.service
gestionale-frontend.service
guida_installazione_server.md
lista_pacchetti_ubuntu.txt
nginx_gestionale.conf
servizi_attivi_ubuntu.txt
ufw_status.txt
versione_certbot.txt
versione_nginx.txt
versione_node.txt
versione_npm.txt
versione_postgresql.txt

sent 46,398 bytes  received 325 bytes  93,446.00 bytes/sec
total size is 45,152  speedup is 0.97
[Fri Jul 25 12:19:32 PM UTC 2025] Backup completato con successo.
[Fri Jul 25 12:30:58 PM UTC 2025] Mount NAS...
sending incremental file list
./
backup_config_server.log
backup_config_server.sh
checklist_server_ubuntu.md

sent 5,763 bytes  received 112 bytes  11,750.00 bytes/sec
total size is 46,086  speedup is 7.84
[Fri Jul 25 12:31:00 PM UTC 2025] Backup completato con successo.
sending incremental file list
./
backup_config_server.log
backup_config_server.sh
checklist_server_ubuntu.md

sent 6,133 bytes  received 112 bytes  12,490.00 bytes/sec
total size is 46,456  speedup is 7.44
[Fri Jul 25 12:31:42 PM UTC 2025] ERRORE: rsync fallito! Codice: 23
[Fri Jul 25 01:39:59 PM UTC 2025] Mount NAS...
sending incremental file list
./
backup_config_server.log
backup_config_server.sh
checklist_server_ubuntu.md

sent 6,444 bytes  received 112 bytes  13,112.00 bytes/sec
total size is 46,767  speedup is 7.13
[Fri Jul 25 01:40:00 PM UTC 2025] ERRORE: rsync fallito! Codice: 23
sending incremental file list
./
backup_config_server.log
backup_config_server.sh
checklist_server_ubuntu.md

sent 6,803 bytes  received 112 bytes  13,830.00 bytes/sec
total size is 47,127  speedup is 6.82
[Fri Jul 25 01:40:59 PM UTC 2025] ERRORE: rsync fallito! Codice: 23
sending incremental file list
./
backup_config_server.log
backup_config_server.sh
checklist_server_ubuntu.md

sent 7,076 bytes  received 112 bytes  14,376.00 bytes/sec
total size is 47,401  speedup is 6.59
[Fri Jul 25 01:50:19 PM UTC 2025] ERRORE: rsync fallito! Codice: 23
sending incremental file list
./
backup_config_server.log
backup_config_server.sh
checklist_server_ubuntu.md

sent 7,351 bytes  received 112 bytes  14,926.00 bytes/sec
total size is 47,675  speedup is 6.39
[Sat Jul 26 02:00:01 AM UTC 2025] Backup completato con successo.
sending incremental file list
./
backup_config_server.log

sent 3,616 bytes  received 80 bytes  7,392.00 bytes/sec
total size is 47,947  speedup is 12.97
[Sun Jul 27 02:00:01 AM UTC 2025] Backup completato con successo.
sending incremental file list
./
backup_config_server.log

sent 3,836 bytes  received 80 bytes  7,832.00 bytes/sec
total size is 48,167  speedup is 12.30
[Mon Jul 28 02:00:01 AM UTC 2025] Backup completato con successo.
sending incremental file list
./
backup_config_server.log

sent 4,055 bytes  received 80 bytes  8,270.00 bytes/sec
total size is 48,387  speedup is 11.70
[Tue Jul 29 02:00:02 AM UTC 2025] Backup completato con successo.
sending incremental file list
./
backup_config_server.log
backup_weekly_report.sh
checklist_server_ubuntu.md
guida_installazione_server.md
lista_pacchetti_ubuntu.txt
servizi_attivi_ubuntu.txt

sent 44,233 bytes  received 163 bytes  88,792.00 bytes/sec
total size is 48,464  speedup is 1.09
[Tue Jul 29 01:48:17 PM CEST 2025] Backup completato con successo.
