[Tue Jul 29 02:49:57 PM CEST 2025] Inizio backup adattivo database gestionale_ferrari
[Tue Jul 29 02:49:57 PM CEST 2025] Calcolo dimensione database...
[Tue Jul 29 02:49:58 PM CEST 2025] Dimensione database: 7892 kB (8081891 bytes)
[Tue Jul 29 02:49:58 PM CEST 2025] Database piccolo (<100MB): backup standard
[Tue Jul 29 02:49:58 PM CEST 2025] Esecuzione backup con opzioni: -F c -b -v
pg_dump: last built-in OID is 16383
pg_dump: reading extensions
pg_dump: identifying extension members
pg_dump: reading schemas
pg_dump: reading user-defined tables
pg_dump: reading user-defined functions
pg_dump: reading user-defined types
pg_dump: reading procedural languages
pg_dump: reading user-defined aggregate functions
pg_dump: reading user-defined operators
pg_dump: reading user-defined access methods
pg_dump: reading user-defined operator classes
pg_dump: reading user-defined operator families
pg_dump: reading user-defined text search parsers
pg_dump: reading user-defined text search templates
pg_dump: reading user-defined text search dictionaries
pg_dump: reading user-defined text search configurations
pg_dump: reading user-defined foreign-data wrappers
pg_dump: reading user-defined foreign servers
pg_dump: reading default privileges
pg_dump: reading user-defined collations
pg_dump: reading user-defined conversions
pg_dump: reading type casts
pg_dump: reading transforms
pg_dump: reading table inheritance information
pg_dump: reading event triggers
pg_dump: finding extension tables
pg_dump: finding inheritance relationships
pg_dump: reading column info for interesting tables
pg_dump: finding table default expressions
pg_dump: flagging inherited columns in subtables
pg_dump: reading partitioning data
pg_dump: reading indexes
pg_dump: flagging indexes in partitioned tables
pg_dump: reading extended statistics
pg_dump: reading constraints
pg_dump: reading triggers
pg_dump: reading rewrite rules
pg_dump: reading policies
pg_dump: reading row-level security policies
pg_dump: reading publications
pg_dump: reading publication membership of tables
pg_dump: reading publication membership of schemas
pg_dump: reading subscriptions
pg_dump: reading large objects
pg_dump: reading dependency data
pg_dump: saving encoding = UTF8
pg_dump: saving standard_conforming_strings = on
pg_dump: saving search_path = 
pg_dump: saving database definition
pg_dump: dumping contents of table "public.audit_logs"
pg_dump: dumping contents of table "public.clienti"
pg_dump: dumping contents of table "public.refresh_tokens"
pg_dump: dumping contents of table "public.users"
[Tue Jul 29 02:49:58 PM CEST 2025] Backup completato: /mnt/backup_gestionale/database/gestionale_db_20250729_144958_standard.backup
[Tue Jul 29 02:49:58 PM CEST 2025] Dimensione backup: 24K (compressione: .27%)
[Tue Jul 29 02:49:58 PM CEST 2025] Pulizia backup vecchi...
[Tue Jul 29 02:49:58 PM CEST 2025] Backup rimanenti: 3 (spazio totale: 48K)
[Tue Jul 29 02:49:58 PM CEST 2025] Backup adattivo completato con successo.
